[debug] [2020-07-12T16:46:14.029Z] ----------------------------------------------------------------------
[debug] [2020-07-12T16:46:14.031Z] Command:       C:\Program Files\nodejs\node.exe C:\Users\User01\AppData\Roaming\npm\node_modules\firebase-tools\lib\bin\firebase.js init
[debug] [2020-07-12T16:46:14.031Z] CLI Version:   7.13.1
[debug] [2020-07-12T16:46:14.031Z] Platform:      win32
[debug] [2020-07-12T16:46:14.031Z] Node Version:  v12.14.0
[debug] [2020-07-12T16:46:14.033Z] Time:          Sun Jul 12 2020 17:46:14 GMT+0100 (British Summer Time)
[debug] [2020-07-12T16:46:14.033Z] ----------------------------------------------------------------------
[debug] [2020-07-12T16:46:14.033Z] 
[debug] [2020-07-12T16:46:14.041Z] > command requires scopes: ["email","openid","https://www.googleapis.com/auth/cloudplatformprojects.readonly","https://www.googleapis.com/auth/firebase","https://www.googleapis.com/auth/cloud-platform"]
[debug] [2020-07-12T16:46:14.042Z] > authorizing via signed-in user
[info] 
     ######## #### ########  ######## ########     ###     ######  ########
     ##        ##  ##     ## ##       ##     ##  ##   ##  ##       ##
     ######    ##  ########  ######   ########  #########  ######  ######
     ##        ##  ##    ##  ##       ##     ## ##     ##       ## ##
     ##       #### ##     ## ######## ########  ##     ##  ######  ########

You're about to initialize a Firebase project in this directory:

  C:\Users\User01\Documents\chatapp

[info] 
=== Project Setup
[info] 
[info] First, let's associate this project directory with a Firebase project.
[info] You can create multiple project aliases by running firebase use --add, 
[info] but for now we'll just set up a default project.
[info] 
[debug] [2020-07-12T16:46:28.303Z] > refreshing access token with scopes: ["email","https://www.googleapis.com/auth/cloud-platform","https://www.googleapis.com/auth/cloudplatformprojects.readonly","https://www.googleapis.com/auth/firebase","openid"]
[debug] [2020-07-12T16:46:28.303Z] >>> HTTP REQUEST POST https://www.googleapis.com/oauth2/v3/token  
 <request body omitted>
[debug] [2020-07-12T16:46:28.995Z] <<< HTTP RESPONSE 200
[debug] [2020-07-12T16:46:29.195Z] >>> HTTP REQUEST GET https://firebase.googleapis.com/v1beta1/projects?pageSize=100  
 
[debug] [2020-07-12T16:46:30.525Z] <<< HTTP RESPONSE 200
[info] i  Using project spark-1f7bd (Spark)
[info] 
=== Hosting Setup
[info] 
[info] Your public directory is the folder (relative to your project directory) that
[info] will contain Hosting assets to be uploaded with firebase deploy. If you
[info] have a build process for your assets, use your build's output directory.
[info] 
[debug] [2020-07-12T16:49:13.603Z] ----------------------------------------------------------------------
[debug] [2020-07-12T16:49:13.606Z] Command:       C:\Program Files\nodejs\node.exe C:\Users\User01\AppData\Roaming\npm\node_modules\firebase-tools\lib\bin\firebase.js init
[debug] [2020-07-12T16:49:13.606Z] CLI Version:   7.13.1
[debug] [2020-07-12T16:49:13.606Z] Platform:      win32
[debug] [2020-07-12T16:49:13.606Z] Node Version:  v12.14.0
[debug] [2020-07-12T16:49:13.607Z] Time:          Sun Jul 12 2020 17:49:13 GMT+0100 (British Summer Time)
[debug] [2020-07-12T16:49:13.607Z] ----------------------------------------------------------------------
[debug] [2020-07-12T16:49:13.607Z] 
[debug] [2020-07-12T16:49:13.614Z] > command requires scopes: ["email","openid","https://www.googleapis.com/auth/cloudplatformprojects.readonly","https://www.googleapis.com/auth/firebase","https://www.googleapis.com/auth/cloud-platform"]
[debug] [2020-07-12T16:49:13.615Z] > authorizing via signed-in user
[info] 
     ######## #### ########  ######## ########     ###     ######  ########
     ##        ##  ##     ## ##       ##     ##  ##   ##  ##       ##
     ######    ##  ########  ######   ########  #########  ######  ######
     ##        ##  ##    ##  ##       ##     ## ##     ##       ## ##
     ##       #### ##     ## ######## ########  ##     ##  ######  ########

You're about to initialize a Firebase project in this directory:

  C:\Users\User01\Documents\chatapp

